The system is: Linux - 4.15.0-38-generic - x86_64
Compiling the C compiler identification source file "CMakeCCompilerId.c" succeeded.
Compiler: /usr/bin/cc 
Build flags: 
Id flags:  

The output was:
0


Compilation of the C compiler identification source "CMakeCCompilerId.c" produced "a.out"

The C compiler identification is GNU, found in "/home/gzq/CLionProjects/MatrixMultiplication/cmake-build-debug/CMakeFiles/3.12.2/CompilerIdC/a.out"

Determining if the C compiler works passed with the following output:
Change Dir: /home/gzq/CLionProjects/MatrixMultiplication/cmake-build-debug/CMakeFiles/CMakeTmp

Run Build Command:"/usr/bin/make" "cmTC_473ae/fast"
/usr/bin/make -f CMakeFiles/cmTC_473ae.dir/build.make CMakeFiles/cmTC_473ae.dir/build
make[1]: Entering directory '/home/gzq/CLionProjects/MatrixMultiplication/cmake-build-debug/CMakeFiles/CMakeTmp'
Building C object CMakeFiles/cmTC_473ae.dir/testCCompiler.c.o
/usr/bin/cc    -o CMakeFiles/cmTC_473ae.dir/testCCompiler.c.o   -c /home/gzq/CLionProjects/MatrixMultiplication/cmake-build-debug/CMakeFiles/CMakeTmp/testCCompiler.c
Linking C executable cmTC_473ae
/usr/local/bin/cmake -E cmake_link_script CMakeFiles/cmTC_473ae.dir/link.txt --verbose=1
/usr/bin/cc      CMakeFiles/cmTC_473ae.dir/testCCompiler.c.o  -o cmTC_473ae 
make[1]: Leaving directory '/home/gzq/CLionProjects/MatrixMultiplication/cmake-build-debug/CMakeFiles/CMakeTmp'


Detecting C compiler ABI info compiled with the following output:
Change Dir: /home/gzq/CLionProjects/MatrixMultiplication/cmake-build-debug/CMakeFiles/CMakeTmp

Run Build Command:"/usr/bin/make" "cmTC_0cb66/fast"
/usr/bin/make -f CMakeFiles/cmTC_0cb66.dir/build.make CMakeFiles/cmTC_0cb66.dir/build
make[1]: Entering directory '/home/gzq/CLionProjects/MatrixMultiplication/cmake-build-debug/CMakeFiles/CMakeTmp'
Building C object CMakeFiles/cmTC_0cb66.dir/CMakeCCompilerABI.c.o
/usr/bin/cc    -o CMakeFiles/cmTC_0cb66.dir/CMakeCCompilerABI.c.o   -c /usr/local/share/cmake-3.12/Modules/CMakeCCompilerABI.c
Linking C executable cmTC_0cb66
/usr/local/bin/cmake -E cmake_link_script CMakeFiles/cmTC_0cb66.dir/link.txt --verbose=1
/usr/bin/cc     -v CMakeFiles/cmTC_0cb66.dir/CMakeCCompilerABI.c.o  -o cmTC_0cb66 
Using built-in specs.
COLLECT_GCC=/usr/bin/cc
COLLECT_LTO_WRAPPER=/usr/lib/gcc/x86_64-linux-gnu/5/lto-wrapper
Target: x86_64-linux-gnu
Configured with: ../src/configure -v --with-pkgversion='Ubuntu 5.5.0-12ubuntu1~16.04' --with-bugurl=file:///usr/share/doc/gcc-5/README.Bugs --enable-languages=c,ada,c++,java,go,d,fortran,objc,obj-c++ --prefix=/usr --program-suffix=-5 --enable-shared --enable-linker-build-id --libexecdir=/usr/lib --without-included-gettext --enable-threads=posix --libdir=/usr/lib --enable-nls --with-sysroot=/ --enable-clocale=gnu --enable-libstdcxx-debug --enable-libstdcxx-time=yes --with-default-libstdcxx-abi=new --enable-gnu-unique-object --disable-vtable-verify --enable-libmpx --enable-plugin --with-system-zlib --disable-browser-plugin --enable-java-awt=gtk --enable-gtk-cairo --with-java-home=/usr/lib/jvm/java-1.5.0-gcj-5-amd64/jre --enable-java-home --with-jvm-root-dir=/usr/lib/jvm/java-1.5.0-gcj-5-amd64 --with-jvm-jar-dir=/usr/lib/jvm-exports/java-1.5.0-gcj-5-amd64 --with-arch-directory=amd64 --with-ecj-jar=/usr/share/java/eclipse-ecj.jar --enable-objc-gc --enable-multiarch --disable-werror --with-arch-32=i686 --with-abi=m64 --with-multilib-list=m32,m64,mx32 --enable-multilib --with-tune=generic --enable-checking=release --build=x86_64-linux-gnu --host=x86_64-linux-gnu --target=x86_64-linux-gnu
Thread model: posix
gcc version 5.5.0 20171010 (Ubuntu 5.5.0-12ubuntu1~16.04) 
COMPILER_PATH=/usr/lib/gcc/x86_64-linux-gnu/5/:/usr/lib/gcc/x86_64-linux-gnu/5/:/usr/lib/gcc/x86_64-linux-gnu/:/usr/lib/gcc/x86_64-linux-gnu/5/:/usr/lib/gcc/x86_64-linux-gnu/
LIBRARY_PATH=/home/gzq/intel//compilers_and_libraries_2019.0.117/linux/mpi/intel64/libfabric/lib/../lib/:/usr/lib/gcc/x86_64-linux-gnu/5/:/usr/lib/gcc/x86_64-linux-gnu/5/../../../x86_64-linux-gnu/:/usr/lib/gcc/x86_64-linux-gnu/5/../../../../lib/:/lib/x86_64-linux-gnu/:/lib/../lib/:/usr/lib/x86_64-linux-gnu/:/usr/lib/../lib/:/home/gzq/intel/clck/2019.0/lib/intel64/:/home/gzq/intel/compilers_and_libraries_2019.0.117/linux/ipp/lib/intel64/:/home/gzq/intel/compilers_and_libraries_2019.0.117/linux/compiler/lib/intel64_lin/:/home/gzq/intel/compilers_and_libraries_2019.0.117/linux/mkl/lib/intel64_lin/:/home/gzq/intel/compilers_and_libraries_2019.0.117/linux/tbb/lib/intel64/gcc4.7/:/home/gzq/intel/compilers_and_libraries_2019.0.117/linux/tbb/lib/intel64/gcc4.7/:/home/gzq/intel/compilers_and_libraries_2019.0.117/linux/daal/lib/intel64_lin/:/home/gzq/intel//compilers_and_libraries_2019.0.117/linux/mpi/intel64/libfabric/lib/:/home/gzq/intel/compilers_and_libraries_2019.0.117/linux/ipp/lib/intel64/:/home/gzq/intel/compilers_and_libraries_2019.0.117/linux/compiler/lib/intel64_lin/:/home/gzq/intel/compilers_and_libraries_2019.0.117/linux/mkl/lib/intel64_lin/:/home/gzq/intel/compilers_and_libraries_2019.0.117/linux/tbb/lib/intel64/gcc4.7/:/home/gzq/intel/compilers_and_libraries_2019.0.117/linux/tbb/lib/intel64/gcc4.7/:/home/gzq/intel/compilers_and_libraries_2019.0.117/linux/daal/lib/intel64_lin/:/home/gzq/intel/compilers_and_libraries_2019.0.117/linux/daal/../tbb/lib/intel64_lin/gcc4.4/:/usr/lib/gcc/x86_64-linux-gnu/5/../../../:/lib/:/usr/lib/
COLLECT_GCC_OPTIONS='-v' '-o' 'cmTC_0cb66' '-mtune=generic' '-march=x86-64'
 /usr/lib/gcc/x86_64-linux-gnu/5/collect2 -plugin /usr/lib/gcc/x86_64-linux-gnu/5/liblto_plugin.so -plugin-opt=/usr/lib/gcc/x86_64-linux-gnu/5/lto-wrapper -plugin-opt=-fresolution=/tmp/ccH68n8n.res -plugin-opt=-pass-through=-lgcc -plugin-opt=-pass-through=-lgcc_s -plugin-opt=-pass-through=-lc -plugin-opt=-pass-through=-lgcc -plugin-opt=-pass-through=-lgcc_s --sysroot=/ --build-id --eh-frame-hdr -m elf_x86_64 --hash-style=gnu --as-needed -dynamic-linker /lib64/ld-linux-x86-64.so.2 -z relro -o cmTC_0cb66 /usr/lib/gcc/x86_64-linux-gnu/5/../../../x86_64-linux-gnu/crt1.o /usr/lib/gcc/x86_64-linux-gnu/5/../../../x86_64-linux-gnu/crti.o /usr/lib/gcc/x86_64-linux-gnu/5/crtbegin.o -L/home/gzq/intel//compilers_and_libraries_2019.0.117/linux/mpi/intel64/libfabric/lib/../lib -L/usr/lib/gcc/x86_64-linux-gnu/5 -L/usr/lib/gcc/x86_64-linux-gnu/5/../../../x86_64-linux-gnu -L/usr/lib/gcc/x86_64-linux-gnu/5/../../../../lib -L/lib/x86_64-linux-gnu -L/lib/../lib -L/usr/lib/x86_64-linux-gnu -L/usr/lib/../lib -L/home/gzq/intel/clck/2019.0/lib/intel64 -L/home/gzq/intel/compilers_and_libraries_2019.0.117/linux/ipp/lib/intel64 -L/home/gzq/intel/compilers_and_libraries_2019.0.117/linux/compiler/lib/intel64_lin -L/home/gzq/intel/compilers_and_libraries_2019.0.117/linux/mkl/lib/intel64_lin -L/home/gzq/intel/compilers_and_libraries_2019.0.117/linux/tbb/lib/intel64/gcc4.7 -L/home/gzq/intel/compilers_and_libraries_2019.0.117/linux/tbb/lib/intel64/gcc4.7 -L/home/gzq/intel/compilers_and_libraries_2019.0.117/linux/daal/lib/intel64_lin -L/home/gzq/intel//compilers_and_libraries_2019.0.117/linux/mpi/intel64/libfabric/lib -L/home/gzq/intel/compilers_and_libraries_2019.0.117/linux/ipp/lib/intel64 -L/home/gzq/intel/compilers_and_libraries_2019.0.117/linux/compiler/lib/intel64_lin -L/home/gzq/intel/compilers_and_libraries_2019.0.117/linux/mkl/lib/intel64_lin -L/home/gzq/intel/compilers_and_libraries_2019.0.117/linux/tbb/lib/intel64/gcc4.7 -L/home/gzq/intel/compilers_and_libraries_2019.0.117/linux/tbb/lib/intel64/gcc4.7 -L/home/gzq/intel/compilers_and_libraries_2019.0.117/linux/daal/lib/intel64_lin -L/home/gzq/intel/compilers_and_libraries_2019.0.117/linux/daal/../tbb/lib/intel64_lin/gcc4.4 -L/usr/lib/gcc/x86_64-linux-gnu/5/../../.. CMakeFiles/cmTC_0cb66.dir/CMakeCCompilerABI.c.o -lgcc --push-state --as-needed -lgcc_s --pop-state -lc -lgcc --push-state --as-needed -lgcc_s --pop-state /usr/lib/gcc/x86_64-linux-gnu/5/crtend.o /usr/lib/gcc/x86_64-linux-gnu/5/../../../x86_64-linux-gnu/crtn.o
make[1]: Leaving directory '/home/gzq/CLionProjects/MatrixMultiplication/cmake-build-debug/CMakeFiles/CMakeTmp'


Parsed C implicit link information from above output:
  link line regex: [^( *|.*[/\])(ld|CMAKE_LINK_STARTFILE-NOTFOUND|([^/\]+-)?ld|collect2)[^/\]*( |$)]
  ignore line: [Change Dir: /home/gzq/CLionProjects/MatrixMultiplication/cmake-build-debug/CMakeFiles/CMakeTmp]
  ignore line: []
  ignore line: [Run Build Command:"/usr/bin/make" "cmTC_0cb66/fast"]
  ignore line: [/usr/bin/make -f CMakeFiles/cmTC_0cb66.dir/build.make CMakeFiles/cmTC_0cb66.dir/build]
  ignore line: [make[1]: Entering directory '/home/gzq/CLionProjects/MatrixMultiplication/cmake-build-debug/CMakeFiles/CMakeTmp']
  ignore line: [Building C object CMakeFiles/cmTC_0cb66.dir/CMakeCCompilerABI.c.o]
  ignore line: [/usr/bin/cc    -o CMakeFiles/cmTC_0cb66.dir/CMakeCCompilerABI.c.o   -c /usr/local/share/cmake-3.12/Modules/CMakeCCompilerABI.c]
  ignore line: [Linking C executable cmTC_0cb66]
  ignore line: [/usr/local/bin/cmake -E cmake_link_script CMakeFiles/cmTC_0cb66.dir/link.txt --verbose=1]
  ignore line: [/usr/bin/cc     -v CMakeFiles/cmTC_0cb66.dir/CMakeCCompilerABI.c.o  -o cmTC_0cb66 ]
  ignore line: [Using built-in specs.]
  ignore line: [COLLECT_GCC=/usr/bin/cc]
  ignore line: [COLLECT_LTO_WRAPPER=/usr/lib/gcc/x86_64-linux-gnu/5/lto-wrapper]
  ignore line: [Target: x86_64-linux-gnu]
  ignore line: [Configured with: ../src/configure -v --with-pkgversion='Ubuntu 5.5.0-12ubuntu1~16.04' --with-bugurl=file:///usr/share/doc/gcc-5/README.Bugs --enable-languages=c,ada,c++,java,go,d,fortran,objc,obj-c++ --prefix=/usr --program-suffix=-5 --enable-shared --enable-linker-build-id --libexecdir=/usr/lib --without-included-gettext --enable-threads=posix --libdir=/usr/lib --enable-nls --with-sysroot=/ --enable-clocale=gnu --enable-libstdcxx-debug --enable-libstdcxx-time=yes --with-default-libstdcxx-abi=new --enable-gnu-unique-object --disable-vtable-verify --enable-libmpx --enable-plugin --with-system-zlib --disable-browser-plugin --enable-java-awt=gtk --enable-gtk-cairo --with-java-home=/usr/lib/jvm/java-1.5.0-gcj-5-amd64/jre --enable-java-home --with-jvm-root-dir=/usr/lib/jvm/java-1.5.0-gcj-5-amd64 --with-jvm-jar-dir=/usr/lib/jvm-exports/java-1.5.0-gcj-5-amd64 --with-arch-directory=amd64 --with-ecj-jar=/usr/share/java/eclipse-ecj.jar --enable-objc-gc --enable-multiarch --disable-werror --with-arch-32=i686 --with-abi=m64 --with-multilib-list=m32,m64,mx32 --enable-multilib --with-tune=generic --enable-checking=release --build=x86_64-linux-gnu --host=x86_64-linux-gnu --target=x86_64-linux-gnu]
  ignore line: [Thread model: posix]
  ignore line: [gcc version 5.5.0 20171010 (Ubuntu 5.5.0-12ubuntu1~16.04) ]
  ignore line: [COMPILER_PATH=/usr/lib/gcc/x86_64-linux-gnu/5/:/usr/lib/gcc/x86_64-linux-gnu/5/:/usr/lib/gcc/x86_64-linux-gnu/:/usr/lib/gcc/x86_64-linux-gnu/5/:/usr/lib/gcc/x86_64-linux-gnu/]
  ignore line: [LIBRARY_PATH=/home/gzq/intel//compilers_and_libraries_2019.0.117/linux/mpi/intel64/libfabric/lib/../lib/:/usr/lib/gcc/x86_64-linux-gnu/5/:/usr/lib/gcc/x86_64-linux-gnu/5/../../../x86_64-linux-gnu/:/usr/lib/gcc/x86_64-linux-gnu/5/../../../../lib/:/lib/x86_64-linux-gnu/:/lib/../lib/:/usr/lib/x86_64-linux-gnu/:/usr/lib/../lib/:/home/gzq/intel/clck/2019.0/lib/intel64/:/home/gzq/intel/compilers_and_libraries_2019.0.117/linux/ipp/lib/intel64/:/home/gzq/intel/compilers_and_libraries_2019.0.117/linux/compiler/lib/intel64_lin/:/home/gzq/intel/compilers_and_libraries_2019.0.117/linux/mkl/lib/intel64_lin/:/home/gzq/intel/compilers_and_libraries_2019.0.117/linux/tbb/lib/intel64/gcc4.7/:/home/gzq/intel/compilers_and_libraries_2019.0.117/linux/tbb/lib/intel64/gcc4.7/:/home/gzq/intel/compilers_and_libraries_2019.0.117/linux/daal/lib/intel64_lin/:/home/gzq/intel//compilers_and_libraries_2019.0.117/linux/mpi/intel64/libfabric/lib/:/home/gzq/intel/compilers_and_libraries_2019.0.117/linux/ipp/lib/intel64/:/home/gzq/intel/compilers_and_libraries_2019.0.117/linux/compiler/lib/intel64_lin/:/home/gzq/intel/compilers_and_libraries_2019.0.117/linux/mkl/lib/intel64_lin/:/home/gzq/intel/compilers_and_libraries_2019.0.117/linux/tbb/lib/intel64/gcc4.7/:/home/gzq/intel/compilers_and_libraries_2019.0.117/linux/tbb/lib/intel64/gcc4.7/:/home/gzq/intel/compilers_and_libraries_2019.0.117/linux/daal/lib/intel64_lin/:/home/gzq/intel/compilers_and_libraries_2019.0.117/linux/daal/../tbb/lib/intel64_lin/gcc4.4/:/usr/lib/gcc/x86_64-linux-gnu/5/../../../:/lib/:/usr/lib/]
  ignore line: [COLLECT_GCC_OPTIONS='-v' '-o' 'cmTC_0cb66' '-mtune=generic' '-march=x86-64']
  link line: [ /usr/lib/gcc/x86_64-linux-gnu/5/collect2 -plugin /usr/lib/gcc/x86_64-linux-gnu/5/liblto_plugin.so -plugin-opt=/usr/lib/gcc/x86_64-linux-gnu/5/lto-wrapper -plugin-opt=-fresolution=/tmp/ccH68n8n.res -plugin-opt=-pass-through=-lgcc -plugin-opt=-pass-through=-lgcc_s -plugin-opt=-pass-through=-lc -plugin-opt=-pass-through=-lgcc -plugin-opt=-pass-through=-lgcc_s --sysroot=/ --build-id --eh-frame-hdr -m elf_x86_64 --hash-style=gnu --as-needed -dynamic-linker /lib64/ld-linux-x86-64.so.2 -z relro -o cmTC_0cb66 /usr/lib/gcc/x86_64-linux-gnu/5/../../../x86_64-linux-gnu/crt1.o /usr/lib/gcc/x86_64-linux-gnu/5/../../../x86_64-linux-gnu/crti.o /usr/lib/gcc/x86_64-linux-gnu/5/crtbegin.o -L/home/gzq/intel//compilers_and_libraries_2019.0.117/linux/mpi/intel64/libfabric/lib/../lib -L/usr/lib/gcc/x86_64-linux-gnu/5 -L/usr/lib/gcc/x86_64-linux-gnu/5/../../../x86_64-linux-gnu -L/usr/lib/gcc/x86_64-linux-gnu/5/../../../../lib -L/lib/x86_64-linux-gnu -L/lib/../lib -L/usr/lib/x86_64-linux-gnu -L/usr/lib/../lib -L/home/gzq/intel/clck/2019.0/lib/intel64 -L/home/gzq/intel/compilers_and_libraries_2019.0.117/linux/ipp/lib/intel64 -L/home/gzq/intel/compilers_and_libraries_2019.0.117/linux/compiler/lib/intel64_lin -L/home/gzq/intel/compilers_and_libraries_2019.0.117/linux/mkl/lib/intel64_lin -L/home/gzq/intel/compilers_and_libraries_2019.0.117/linux/tbb/lib/intel64/gcc4.7 -L/home/gzq/intel/compilers_and_libraries_2019.0.117/linux/tbb/lib/intel64/gcc4.7 -L/home/gzq/intel/compilers_and_libraries_2019.0.117/linux/daal/lib/intel64_lin -L/home/gzq/intel//compilers_and_libraries_2019.0.117/linux/mpi/intel64/libfabric/lib -L/home/gzq/intel/compilers_and_libraries_2019.0.117/linux/ipp/lib/intel64 -L/home/gzq/intel/compilers_and_libraries_2019.0.117/linux/compiler/lib/intel64_lin -L/home/gzq/intel/compilers_and_libraries_2019.0.117/linux/mkl/lib/intel64_lin -L/home/gzq/intel/compilers_and_libraries_2019.0.117/linux/tbb/lib/intel64/gcc4.7 -L/home/gzq/intel/compilers_and_libraries_2019.0.117/linux/tbb/lib/intel64/gcc4.7 -L/home/gzq/intel/compilers_and_libraries_2019.0.117/linux/daal/lib/intel64_lin -L/home/gzq/intel/compilers_and_libraries_2019.0.117/linux/daal/../tbb/lib/intel64_lin/gcc4.4 -L/usr/lib/gcc/x86_64-linux-gnu/5/../../.. CMakeFiles/cmTC_0cb66.dir/CMakeCCompilerABI.c.o -lgcc --push-state --as-needed -lgcc_s --pop-state -lc -lgcc --push-state --as-needed -lgcc_s --pop-state /usr/lib/gcc/x86_64-linux-gnu/5/crtend.o /usr/lib/gcc/x86_64-linux-gnu/5/../../../x86_64-linux-gnu/crtn.o]
    arg [/usr/lib/gcc/x86_64-linux-gnu/5/collect2] ==> ignore
    arg [-plugin] ==> ignore
    arg [/usr/lib/gcc/x86_64-linux-gnu/5/liblto_plugin.so] ==> ignore
    arg [-plugin-opt=/usr/lib/gcc/x86_64-linux-gnu/5/lto-wrapper] ==> ignore
    arg [-plugin-opt=-fresolution=/tmp/ccH68n8n.res] ==> ignore
    arg [-plugin-opt=-pass-through=-lgcc] ==> ignore
    arg [-plugin-opt=-pass-through=-lgcc_s] ==> ignore
    arg [-plugin-opt=-pass-through=-lc] ==> ignore
    arg [-plugin-opt=-pass-through=-lgcc] ==> ignore
    arg [-plugin-opt=-pass-through=-lgcc_s] ==> ignore
    arg [--sysroot=/] ==> ignore
    arg [--build-id] ==> ignore
    arg [--eh-frame-hdr] ==> ignore
    arg [-m] ==> ignore
    arg [elf_x86_64] ==> ignore
    arg [--hash-style=gnu] ==> ignore
    arg [--as-needed] ==> ignore
    arg [-dynamic-linker] ==> ignore
    arg [/lib64/ld-linux-x86-64.so.2] ==> ignore
    arg [-zrelro] ==> ignore
    arg [-o] ==> ignore
    arg [cmTC_0cb66] ==> ignore
    arg [/usr/lib/gcc/x86_64-linux-gnu/5/../../../x86_64-linux-gnu/crt1.o] ==> ignore
    arg [/usr/lib/gcc/x86_64-linux-gnu/5/../../../x86_64-linux-gnu/crti.o] ==> ignore
    arg [/usr/lib/gcc/x86_64-linux-gnu/5/crtbegin.o] ==> ignore
    arg [-L/home/gzq/intel//compilers_and_libraries_2019.0.117/linux/mpi/intel64/libfabric/lib/../lib] ==> dir [/home/gzq/intel//compilers_and_libraries_2019.0.117/linux/mpi/intel64/libfabric/lib/../lib]
    arg [-L/usr/lib/gcc/x86_64-linux-gnu/5] ==> dir [/usr/lib/gcc/x86_64-linux-gnu/5]
    arg [-L/usr/lib/gcc/x86_64-linux-gnu/5/../../../x86_64-linux-gnu] ==> dir [/usr/lib/gcc/x86_64-linux-gnu/5/../../../x86_64-linux-gnu]
    arg [-L/usr/lib/gcc/x86_64-linux-gnu/5/../../../../lib] ==> dir [/usr/lib/gcc/x86_64-linux-gnu/5/../../../../lib]
    arg [-L/lib/x86_64-linux-gnu] ==> dir [/lib/x86_64-linux-gnu]
    arg [-L/lib/../lib] ==> dir [/lib/../lib]
    arg [-L/usr/lib/x86_64-linux-gnu] ==> dir [/usr/lib/x86_64-linux-gnu]
    arg [-L/usr/lib/../lib] ==> dir [/usr/lib/../lib]
    arg [-L/home/gzq/intel/clck/2019.0/lib/intel64] ==> dir [/home/gzq/intel/clck/2019.0/lib/intel64]
    arg [-L/home/gzq/intel/compilers_and_libraries_2019.0.117/linux/ipp/lib/intel64] ==> dir [/home/gzq/intel/compilers_and_libraries_2019.0.117/linux/ipp/lib/intel64]
    arg [-L/home/gzq/intel/compilers_and_libraries_2019.0.117/linux/compiler/lib/intel64_lin] ==> dir [/home/gzq/intel/compilers_and_libraries_2019.0.117/linux/compiler/lib/intel64_lin]
    arg [-L/home/gzq/intel/compilers_and_libraries_2019.0.117/linux/mkl/lib/intel64_lin] ==> dir [/home/gzq/intel/compilers_and_libraries_2019.0.117/linux/mkl/lib/intel64_lin]
    arg [-L/home/gzq/intel/compilers_and_libraries_2019.0.117/linux/tbb/lib/intel64/gcc4.7] ==> dir [/home/gzq/intel/compilers_and_libraries_2019.0.117/linux/tbb/lib/intel64/gcc4.7]
    arg [-L/home/gzq/intel/compilers_and_libraries_2019.0.117/linux/tbb/lib/intel64/gcc4.7] ==> dir [/home/gzq/intel/compilers_and_libraries_2019.0.117/linux/tbb/lib/intel64/gcc4.7]
    arg [-L/home/gzq/intel/compilers_and_libraries_2019.0.117/linux/daal/lib/intel64_lin] ==> dir [/home/gzq/intel/compilers_and_libraries_2019.0.117/linux/daal/lib/intel64_lin]
    arg [-L/home/gzq/intel//compilers_and_libraries_2019.0.117/linux/mpi/intel64/libfabric/lib] ==> dir [/home/gzq/intel//compilers_and_libraries_2019.0.117/linux/mpi/intel64/libfabric/lib]
    arg [-L/home/gzq/intel/compilers_and_libraries_2019.0.117/linux/ipp/lib/intel64] ==> dir [/home/gzq/intel/compilers_and_libraries_2019.0.117/linux/ipp/lib/intel64]
    arg [-L/home/gzq/intel/compilers_and_libraries_2019.0.117/linux/compiler/lib/intel64_lin] ==> dir [/home/gzq/intel/compilers_and_libraries_2019.0.117/linux/compiler/lib/intel64_lin]
    arg [-L/home/gzq/intel/compilers_and_libraries_2019.0.117/linux/mkl/lib/intel64_lin] ==> dir [/home/gzq/intel/compilers_and_libraries_2019.0.117/linux/mkl/lib/intel64_lin]
    arg [-L/home/gzq/intel/compilers_and_libraries_2019.0.117/linux/tbb/lib/intel64/gcc4.7] ==> dir [/home/gzq/intel/compilers_and_libraries_2019.0.117/linux/tbb/lib/intel64/gcc4.7]
    arg [-L/home/gzq/intel/compilers_and_libraries_2019.0.117/linux/tbb/lib/intel64/gcc4.7] ==> dir [/home/gzq/intel/compilers_and_libraries_2019.0.117/linux/tbb/lib/intel64/gcc4.7]
    arg [-L/home/gzq/intel/compilers_and_libraries_2019.0.117/linux/daal/lib/intel64_lin] ==> dir [/home/gzq/intel/compilers_and_libraries_2019.0.117/linux/daal/lib/intel64_lin]
    arg [-L/home/gzq/intel/compilers_and_libraries_2019.0.117/linux/daal/../tbb/lib/intel64_lin/gcc4.4] ==> dir [/home/gzq/intel/compilers_and_libraries_2019.0.117/linux/daal/../tbb/lib/intel64_lin/gcc4.4]
    arg [-L/usr/lib/gcc/x86_64-linux-gnu/5/../../..] ==> dir [/usr/lib/gcc/x86_64-linux-gnu/5/../../..]
    arg [CMakeFiles/cmTC_0cb66.dir/CMakeCCompilerABI.c.o] ==> ignore
    arg [-lgcc] ==> lib [gcc]
    arg [--push-state] ==> ignore
    arg [--as-needed] ==> ignore
    arg [-lgcc_s] ==> lib [gcc_s]
    arg [--pop-state] ==> ignore
    arg [-lc] ==> lib [c]
    arg [-lgcc] ==> lib [gcc]
    arg [--push-state] ==> ignore
    arg [--as-needed] ==> ignore
    arg [-lgcc_s] ==> lib [gcc_s]
    arg [--pop-state] ==> ignore
    arg [/usr/lib/gcc/x86_64-linux-gnu/5/crtend.o] ==> ignore
    arg [/usr/lib/gcc/x86_64-linux-gnu/5/../../../x86_64-linux-gnu/crtn.o] ==> ignore
  collapse library dir [/home/gzq/intel//compilers_and_libraries_2019.0.117/linux/mpi/intel64/libfabric/lib/../lib] ==> [/home/gzq/intel/compilers_and_libraries_2019.0.117/linux/mpi/intel64/libfabric/lib]
  collapse library dir [/usr/lib/gcc/x86_64-linux-gnu/5] ==> [/usr/lib/gcc/x86_64-linux-gnu/5]
  collapse library dir [/usr/lib/gcc/x86_64-linux-gnu/5/../../../x86_64-linux-gnu] ==> [/usr/lib/x86_64-linux-gnu]
  collapse library dir [/usr/lib/gcc/x86_64-linux-gnu/5/../../../../lib] ==> [/usr/lib]
  collapse library dir [/lib/x86_64-linux-gnu] ==> [/lib/x86_64-linux-gnu]
  collapse library dir [/lib/../lib] ==> [/lib]
  collapse library dir [/usr/lib/x86_64-linux-gnu] ==> [/usr/lib/x86_64-linux-gnu]
  collapse library dir [/usr/lib/../lib] ==> [/usr/lib]
  collapse library dir [/home/gzq/intel/clck/2019.0/lib/intel64] ==> [/home/gzq/intel/clck/2019.0/lib/intel64]
  collapse library dir [/home/gzq/intel/compilers_and_libraries_2019.0.117/linux/ipp/lib/intel64] ==> [/home/gzq/intel/compilers_and_libraries_2019.0.117/linux/ipp/lib/intel64]
  collapse library dir [/home/gzq/intel/compilers_and_libraries_2019.0.117/linux/compiler/lib/intel64_lin] ==> [/home/gzq/intel/compilers_and_libraries_2019.0.117/linux/compiler/lib/intel64_lin]
  collapse library dir [/home/gzq/intel/compilers_and_libraries_2019.0.117/linux/mkl/lib/intel64_lin] ==> [/home/gzq/intel/compilers_and_libraries_2019.0.117/linux/mkl/lib/intel64_lin]
  collapse library dir [/home/gzq/intel/compilers_and_libraries_2019.0.117/linux/tbb/lib/intel64/gcc4.7] ==> [/home/gzq/intel/compilers_and_libraries_2019.0.117/linux/tbb/lib/intel64/gcc4.7]
  collapse library dir [/home/gzq/intel/compilers_and_libraries_2019.0.117/linux/tbb/lib/intel64/gcc4.7] ==> [/home/gzq/intel/compilers_and_libraries_2019.0.117/linux/tbb/lib/intel64/gcc4.7]
  collapse library dir [/home/gzq/intel/compilers_and_libraries_2019.0.117/linux/daal/lib/intel64_lin] ==> [/home/gzq/intel/compilers_and_libraries_2019.0.117/linux/daal/lib/intel64_lin]
  collapse library dir [/home/gzq/intel//compilers_and_libraries_2019.0.117/linux/mpi/intel64/libfabric/lib] ==> [/home/gzq/intel/compilers_and_libraries_2019.0.117/linux/mpi/intel64/libfabric/lib]
  collapse library dir [/home/gzq/intel/compilers_and_libraries_2019.0.117/linux/ipp/lib/intel64] ==> [/home/gzq/intel/compilers_and_libraries_2019.0.117/linux/ipp/lib/intel64]
  collapse library dir [/home/gzq/intel/compilers_and_libraries_2019.0.117/linux/compiler/lib/intel64_lin] ==> [/home/gzq/intel/compilers_and_libraries_2019.0.117/linux/compiler/lib/intel64_lin]
  collapse library dir [/home/gzq/intel/compilers_and_libraries_2019.0.117/linux/mkl/lib/intel64_lin] ==> [/home/gzq/intel/compilers_and_libraries_2019.0.117/linux/mkl/lib/intel64_lin]
  collapse library dir [/home/gzq/intel/compilers_and_libraries_2019.0.117/linux/tbb/lib/intel64/gcc4.7] ==> [/home/gzq/intel/compilers_and_libraries_2019.0.117/linux/tbb/lib/intel64/gcc4.7]
  collapse library dir [/home/gzq/intel/compilers_and_libraries_2019.0.117/linux/tbb/lib/intel64/gcc4.7] ==> [/home/gzq/intel/compilers_and_libraries_2019.0.117/linux/tbb/lib/intel64/gcc4.7]
  collapse library dir [/home/gzq/intel/compilers_and_libraries_2019.0.117/linux/daal/lib/intel64_lin] ==> [/home/gzq/intel/compilers_and_libraries_2019.0.117/linux/daal/lib/intel64_lin]
  collapse library dir [/home/gzq/intel/compilers_and_libraries_2019.0.117/linux/daal/../tbb/lib/intel64_lin/gcc4.4] ==> [/home/gzq/intel/compilers_and_libraries_2019.0.117/linux/tbb/lib/intel64_lin/gcc4.4]
  collapse library dir [/usr/lib/gcc/x86_64-linux-gnu/5/../../..] ==> [/usr/lib]
  implicit libs: [gcc;gcc_s;c;gcc;gcc_s]
  implicit dirs: [/home/gzq/intel/compilers_and_libraries_2019.0.117/linux/mpi/intel64/libfabric/lib;/usr/lib/gcc/x86_64-linux-gnu/5;/usr/lib/x86_64-linux-gnu;/usr/lib;/lib/x86_64-linux-gnu;/lib;/home/gzq/intel/clck/2019.0/lib/intel64;/home/gzq/intel/compilers_and_libraries_2019.0.117/linux/ipp/lib/intel64;/home/gzq/intel/compilers_and_libraries_2019.0.117/linux/compiler/lib/intel64_lin;/home/gzq/intel/compilers_and_libraries_2019.0.117/linux/mkl/lib/intel64_lin;/home/gzq/intel/compilers_and_libraries_2019.0.117/linux/tbb/lib/intel64/gcc4.7;/home/gzq/intel/compilers_and_libraries_2019.0.117/linux/daal/lib/intel64_lin;/home/gzq/intel/compilers_and_libraries_2019.0.117/linux/tbb/lib/intel64_lin/gcc4.4]
  implicit fwks: []




Detecting C [-std=c11] compiler features compiled with the following output:
Change Dir: /home/gzq/CLionProjects/MatrixMultiplication/cmake-build-debug/CMakeFiles/CMakeTmp

Run Build Command:"/usr/bin/make" "cmTC_6f33c/fast"
/usr/bin/make -f CMakeFiles/cmTC_6f33c.dir/build.make CMakeFiles/cmTC_6f33c.dir/build
make[1]: Entering directory '/home/gzq/CLionProjects/MatrixMultiplication/cmake-build-debug/CMakeFiles/CMakeTmp'
Building C object CMakeFiles/cmTC_6f33c.dir/feature_tests.c.o
/usr/bin/cc   -std=c11 -o CMakeFiles/cmTC_6f33c.dir/feature_tests.c.o   -c /home/gzq/CLionProjects/MatrixMultiplication/cmake-build-debug/CMakeFiles/feature_tests.c
Linking C executable cmTC_6f33c
/usr/local/bin/cmake -E cmake_link_script CMakeFiles/cmTC_6f33c.dir/link.txt --verbose=1
/usr/bin/cc      CMakeFiles/cmTC_6f33c.dir/feature_tests.c.o  -o cmTC_6f33c 
make[1]: Leaving directory '/home/gzq/CLionProjects/MatrixMultiplication/cmake-build-debug/CMakeFiles/CMakeTmp'


    Feature record: C_FEATURE:1c_function_prototypes
    Feature record: C_FEATURE:1c_restrict
    Feature record: C_FEATURE:1c_static_assert
    Feature record: C_FEATURE:1c_variadic_macros


Detecting C [-std=c99] compiler features compiled with the following output:
Change Dir: /home/gzq/CLionProjects/MatrixMultiplication/cmake-build-debug/CMakeFiles/CMakeTmp

Run Build Command:"/usr/bin/make" "cmTC_cc7e5/fast"
/usr/bin/make -f CMakeFiles/cmTC_cc7e5.dir/build.make CMakeFiles/cmTC_cc7e5.dir/build
make[1]: Entering directory '/home/gzq/CLionProjects/MatrixMultiplication/cmake-build-debug/CMakeFiles/CMakeTmp'
Building C object CMakeFiles/cmTC_cc7e5.dir/feature_tests.c.o
/usr/bin/cc   -std=c99 -o CMakeFiles/cmTC_cc7e5.dir/feature_tests.c.o   -c /home/gzq/CLionProjects/MatrixMultiplication/cmake-build-debug/CMakeFiles/feature_tests.c
Linking C executable cmTC_cc7e5
/usr/local/bin/cmake -E cmake_link_script CMakeFiles/cmTC_cc7e5.dir/link.txt --verbose=1
/usr/bin/cc      CMakeFiles/cmTC_cc7e5.dir/feature_tests.c.o  -o cmTC_cc7e5 
make[1]: Leaving directory '/home/gzq/CLionProjects/MatrixMultiplication/cmake-build-debug/CMakeFiles/CMakeTmp'


    Feature record: C_FEATURE:1c_function_prototypes
    Feature record: C_FEATURE:1c_restrict
    Feature record: C_FEATURE:0c_static_assert
    Feature record: C_FEATURE:1c_variadic_macros


Detecting C [-std=c90] compiler features compiled with the following output:
Change Dir: /home/gzq/CLionProjects/MatrixMultiplication/cmake-build-debug/CMakeFiles/CMakeTmp

Run Build Command:"/usr/bin/make" "cmTC_407d4/fast"
/usr/bin/make -f CMakeFiles/cmTC_407d4.dir/build.make CMakeFiles/cmTC_407d4.dir/build
make[1]: Entering directory '/home/gzq/CLionProjects/MatrixMultiplication/cmake-build-debug/CMakeFiles/CMakeTmp'
Building C object CMakeFiles/cmTC_407d4.dir/feature_tests.c.o
/usr/bin/cc   -std=c90 -o CMakeFiles/cmTC_407d4.dir/feature_tests.c.o   -c /home/gzq/CLionProjects/MatrixMultiplication/cmake-build-debug/CMakeFiles/feature_tests.c
Linking C executable cmTC_407d4
/usr/local/bin/cmake -E cmake_link_script CMakeFiles/cmTC_407d4.dir/link.txt --verbose=1
/usr/bin/cc      CMakeFiles/cmTC_407d4.dir/feature_tests.c.o  -o cmTC_407d4 
make[1]: Leaving directory '/home/gzq/CLionProjects/MatrixMultiplication/cmake-build-debug/CMakeFiles/CMakeTmp'


    Feature record: C_FEATURE:1c_function_prototypes
    Feature record: C_FEATURE:0c_restrict
    Feature record: C_FEATURE:0c_static_assert
    Feature record: C_FEATURE:0c_variadic_macros
Determining if the include file pthread.h exists passed with the following output:
Change Dir: /home/gzq/CLionProjects/MatrixMultiplication/cmake-build-debug/CMakeFiles/CMakeTmp

Run Build Command:"/usr/bin/make" "cmTC_7d612/fast"
/usr/bin/make -f CMakeFiles/cmTC_7d612.dir/build.make CMakeFiles/cmTC_7d612.dir/build
make[1]: Entering directory '/home/gzq/CLionProjects/MatrixMultiplication/cmake-build-debug/CMakeFiles/CMakeTmp'
Building C object CMakeFiles/cmTC_7d612.dir/CheckIncludeFile.c.o
/usr/bin/cc   -std=gnu11 -o CMakeFiles/cmTC_7d612.dir/CheckIncludeFile.c.o   -c /home/gzq/CLionProjects/MatrixMultiplication/cmake-build-debug/CMakeFiles/CMakeTmp/CheckIncludeFile.c
Linking C executable cmTC_7d612
/usr/local/bin/cmake -E cmake_link_script CMakeFiles/cmTC_7d612.dir/link.txt --verbose=1
/usr/bin/cc      CMakeFiles/cmTC_7d612.dir/CheckIncludeFile.c.o  -o cmTC_7d612 
make[1]: Leaving directory '/home/gzq/CLionProjects/MatrixMultiplication/cmake-build-debug/CMakeFiles/CMakeTmp'


Determining if the function pthread_create exists in the pthread passed with the following output:
Change Dir: /home/gzq/CLionProjects/MatrixMultiplication/cmake-build-debug/CMakeFiles/CMakeTmp

Run Build Command:"/usr/bin/make" "cmTC_82ac3/fast"
/usr/bin/make -f CMakeFiles/cmTC_82ac3.dir/build.make CMakeFiles/cmTC_82ac3.dir/build
make[1]: Entering directory '/home/gzq/CLionProjects/MatrixMultiplication/cmake-build-debug/CMakeFiles/CMakeTmp'
Building C object CMakeFiles/cmTC_82ac3.dir/CheckFunctionExists.c.o
/usr/bin/cc   -DCHECK_FUNCTION_EXISTS=pthread_create   -std=gnu11 -o CMakeFiles/cmTC_82ac3.dir/CheckFunctionExists.c.o   -c /usr/local/share/cmake-3.12/Modules/CheckFunctionExists.c
Linking C executable cmTC_82ac3
/usr/local/bin/cmake -E cmake_link_script CMakeFiles/cmTC_82ac3.dir/link.txt --verbose=1
/usr/bin/cc  -DCHECK_FUNCTION_EXISTS=pthread_create    CMakeFiles/cmTC_82ac3.dir/CheckFunctionExists.c.o  -o cmTC_82ac3 -lpthread 
make[1]: Leaving directory '/home/gzq/CLionProjects/MatrixMultiplication/cmake-build-debug/CMakeFiles/CMakeTmp'


Detecting C OpenMP compiler ABI info compiled with the following output:
Change Dir: /home/gzq/CLionProjects/MatrixMultiplication/cmake-build-debug/CMakeFiles/CMakeTmp

Run Build Command:"/usr/bin/make" "cmTC_b3f87/fast"
/usr/bin/make -f CMakeFiles/cmTC_b3f87.dir/build.make CMakeFiles/cmTC_b3f87.dir/build
make[1]: Entering directory '/home/gzq/CLionProjects/MatrixMultiplication/cmake-build-debug/CMakeFiles/CMakeTmp'
Building C object CMakeFiles/cmTC_b3f87.dir/OpenMPTryFlag.c.o
/usr/bin/cc   -fopenmp -v   -std=gnu11 -o CMakeFiles/cmTC_b3f87.dir/OpenMPTryFlag.c.o   -c /home/gzq/CLionProjects/MatrixMultiplication/cmake-build-debug/CMakeFiles/FindOpenMP/OpenMPTryFlag.c
Using built-in specs.
COLLECT_GCC=/usr/bin/cc
Target: x86_64-linux-gnu
Configured with: ../src/configure -v --with-pkgversion='Ubuntu 5.5.0-12ubuntu1~16.04' --with-bugurl=file:///usr/share/doc/gcc-5/README.Bugs --enable-languages=c,ada,c++,java,go,d,fortran,objc,obj-c++ --prefix=/usr --program-suffix=-5 --enable-shared --enable-linker-build-id --libexecdir=/usr/lib --without-included-gettext --enable-threads=posix --libdir=/usr/lib --enable-nls --with-sysroot=/ --enable-clocale=gnu --enable-libstdcxx-debug --enable-libstdcxx-time=yes --with-default-libstdcxx-abi=new --enable-gnu-unique-object --disable-vtable-verify --enable-libmpx --enable-plugin --with-system-zlib --disable-browser-plugin --enable-java-awt=gtk --enable-gtk-cairo --with-java-home=/usr/lib/jvm/java-1.5.0-gcj-5-amd64/jre --enable-java-home --with-jvm-root-dir=/usr/lib/jvm/java-1.5.0-gcj-5-amd64 --with-jvm-jar-dir=/usr/lib/jvm-exports/java-1.5.0-gcj-5-amd64 --with-arch-directory=amd64 --with-ecj-jar=/usr/share/java/eclipse-ecj.jar --enable-objc-gc --enable-multiarch --disable-werror --with-arch-32=i686 --with-abi=m64 --with-multilib-list=m32,m64,mx32 --enable-multilib --with-tune=generic --enable-checking=release --build=x86_64-linux-gnu --host=x86_64-linux-gnu --target=x86_64-linux-gnu
Thread model: posix
gcc version 5.5.0 20171010 (Ubuntu 5.5.0-12ubuntu1~16.04) 
COLLECT_GCC_OPTIONS='-fopenmp' '-v' '-std=gnu11' '-o' 'CMakeFiles/cmTC_b3f87.dir/OpenMPTryFlag.c.o' '-c' '-mtune=generic' '-march=x86-64' '-pthread'
 /usr/lib/gcc/x86_64-linux-gnu/5/cc1 -quiet -v -imultiarch x86_64-linux-gnu -D_REENTRANT /home/gzq/CLionProjects/MatrixMultiplication/cmake-build-debug/CMakeFiles/FindOpenMP/OpenMPTryFlag.c -quiet -dumpbase OpenMPTryFlag.c -mtune=generic -march=x86-64 -auxbase-strip CMakeFiles/cmTC_b3f87.dir/OpenMPTryFlag.c.o -std=gnu11 -version -fopenmp -fstack-protector-strong -Wformat -Wformat-security -o /tmp/ccDpWkFI.s
GNU C11 (Ubuntu 5.5.0-12ubuntu1~16.04) version 5.5.0 20171010 (x86_64-linux-gnu)
	compiled by GNU C version 5.5.0 20171010, GMP version 6.1.0, MPFR version 3.1.4, MPC version 1.0.3
GGC heuristics: --param ggc-min-expand=100 --param ggc-min-heapsize=131072
ignoring duplicate directory "/opt/OpenBLAS/include"
ignoring nonexistent directory "/usr/local/include/x86_64-linux-gnu"
ignoring nonexistent directory "/usr/lib/gcc/x86_64-linux-gnu/5/../../../../x86_64-linux-gnu/include"
ignoring duplicate directory "/home/gzq/intel/compilers_and_libraries_2019.0.117/linux/tbb/include"
ignoring duplicate directory "/home/gzq/intel/compilers_and_libraries_2019.0.117/linux/ipp/include"
ignoring duplicate directory "/home/gzq/intel/compilers_and_libraries_2019.0.117/linux/mkl/include"
ignoring duplicate directory "/home/gzq/intel/compilers_and_libraries_2019.0.117/linux/pstl/include"
ignoring duplicate directory "/home/gzq/intel/compilers_and_libraries_2019.0.117/linux/tbb/include"
ignoring duplicate directory "/home/gzq/intel/compilers_and_libraries_2019.0.117/linux/tbb/include"
ignoring duplicate directory "/home/gzq/intel/compilers_and_libraries_2019.0.117/linux/daal/include"
#include "..." search starts here:
#include <...> search starts here:
 /home/gzq/intel/compilers_and_libraries_2019.0.117/linux/ipp/include
 /home/gzq/intel/compilers_and_libraries_2019.0.117/linux/mkl/include
 /home/gzq/intel/compilers_and_libraries_2019.0.117/linux/pstl/include
 /home/gzq/intel/compilers_and_libraries_2019.0.117/linux/tbb/include
 /home/gzq/intel/compilers_and_libraries_2019.0.117/linux/daal/include
 /opt/OpenBLAS/include
 .
 /usr/lib/gcc/x86_64-linux-gnu/5/include
 /usr/local/include
 /usr/lib/gcc/x86_64-linux-gnu/5/include-fixed
 /usr/include/x86_64-linux-gnu
 /usr/include
End of search list.
GNU C11 (Ubuntu 5.5.0-12ubuntu1~16.04) version 5.5.0 20171010 (x86_64-linux-gnu)
	compiled by GNU C version 5.5.0 20171010, GMP version 6.1.0, MPFR version 3.1.4, MPC version 1.0.3
GGC heuristics: --param ggc-min-expand=100 --param ggc-min-heapsize=131072
Compiler executable checksum: a17d0cd9aea7093f02a2e3f3b1a39337
COLLECT_GCC_OPTIONS='-fopenmp' '-v' '-std=gnu11' '-o' 'CMakeFiles/cmTC_b3f87.dir/OpenMPTryFlag.c.o' '-c' '-mtune=generic' '-march=x86-64' '-pthread'
 as -v --64 -o CMakeFiles/cmTC_b3f87.dir/OpenMPTryFlag.c.o /tmp/ccDpWkFI.s
GNU assembler version 2.26.1 (x86_64-linux-gnu) using BFD version (GNU Binutils for Ubuntu) 2.26.1
COMPILER_PATH=/usr/lib/gcc/x86_64-linux-gnu/5/:/usr/lib/gcc/x86_64-linux-gnu/5/:/usr/lib/gcc/x86_64-linux-gnu/:/usr/lib/gcc/x86_64-linux-gnu/5/:/usr/lib/gcc/x86_64-linux-gnu/
LIBRARY_PATH=/home/gzq/intel//compilers_and_libraries_2019.0.117/linux/mpi/intel64/libfabric/lib/../lib/:/usr/lib/gcc/x86_64-linux-gnu/5/:/usr/lib/gcc/x86_64-linux-gnu/5/../../../x86_64-linux-gnu/:/usr/lib/gcc/x86_64-linux-gnu/5/../../../../lib/:/lib/x86_64-linux-gnu/:/lib/../lib/:/usr/lib/x86_64-linux-gnu/:/usr/lib/../lib/:/home/gzq/intel/clck/2019.0/lib/intel64/:/home/gzq/intel/compilers_and_libraries_2019.0.117/linux/ipp/lib/intel64/:/home/gzq/intel/compilers_and_libraries_2019.0.117/linux/compiler/lib/intel64_lin/:/home/gzq/intel/compilers_and_libraries_2019.0.117/linux/mkl/lib/intel64_lin/:/home/gzq/intel/compilers_and_libraries_2019.0.117/linux/tbb/lib/intel64/gcc4.7/:/home/gzq/intel/compilers_and_libraries_2019.0.117/linux/tbb/lib/intel64/gcc4.7/:/home/gzq/intel/compilers_and_libraries_2019.0.117/linux/daal/lib/intel64_lin/:/home/gzq/intel//compilers_and_libraries_2019.0.117/linux/mpi/intel64/libfabric/lib/:/home/gzq/intel/compilers_and_libraries_2019.0.117/linux/ipp/lib/intel64/:/home/gzq/intel/compilers_and_libraries_2019.0.117/linux/compiler/lib/intel64_lin/:/home/gzq/intel/compilers_and_libraries_2019.0.117/linux/mkl/lib/intel64_lin/:/home/gzq/intel/compilers_and_libraries_2019.0.117/linux/tbb/lib/intel64/gcc4.7/:/home/gzq/intel/compilers_and_libraries_2019.0.117/linux/tbb/lib/intel64/gcc4.7/:/home/gzq/intel/compilers_and_libraries_2019.0.117/linux/daal/lib/intel64_lin/:/home/gzq/intel/compilers_and_libraries_2019.0.117/linux/daal/../tbb/lib/intel64_lin/gcc4.4/:/usr/lib/gcc/x86_64-linux-gnu/5/../../../:/lib/:/usr/lib/
COLLECT_GCC_OPTIONS='-fopenmp' '-v' '-std=gnu11' '-o' 'CMakeFiles/cmTC_b3f87.dir/OpenMPTryFlag.c.o' '-c' '-mtune=generic' '-march=x86-64' '-pthread'
Linking C executable cmTC_b3f87
/usr/local/bin/cmake -E cmake_link_script CMakeFiles/cmTC_b3f87.dir/link.txt --verbose=1
/usr/bin/cc  -fopenmp -v    CMakeFiles/cmTC_b3f87.dir/OpenMPTryFlag.c.o  -o cmTC_b3f87 -v 
Using built-in specs.
COLLECT_GCC=/usr/bin/cc
COLLECT_LTO_WRAPPER=/usr/lib/gcc/x86_64-linux-gnu/5/lto-wrapper
Target: x86_64-linux-gnu
Configured with: ../src/configure -v --with-pkgversion='Ubuntu 5.5.0-12ubuntu1~16.04' --with-bugurl=file:///usr/share/doc/gcc-5/README.Bugs --enable-languages=c,ada,c++,java,go,d,fortran,objc,obj-c++ --prefix=/usr --program-suffix=-5 --enable-shared --enable-linker-build-id --libexecdir=/usr/lib --without-included-gettext --enable-threads=posix --libdir=/usr/lib --enable-nls --with-sysroot=/ --enable-clocale=gnu --enable-libstdcxx-debug --enable-libstdcxx-time=yes --with-default-libstdcxx-abi=new --enable-gnu-unique-object --disable-vtable-verify --enable-libmpx --enable-plugin --with-system-zlib --disable-browser-plugin --enable-java-awt=gtk --enable-gtk-cairo --with-java-home=/usr/lib/jvm/java-1.5.0-gcj-5-amd64/jre --enable-java-home --with-jvm-root-dir=/usr/lib/jvm/java-1.5.0-gcj-5-amd64 --with-jvm-jar-dir=/usr/lib/jvm-exports/java-1.5.0-gcj-5-amd64 --with-arch-directory=amd64 --with-ecj-jar=/usr/share/java/eclipse-ecj.jar --enable-objc-gc --enable-multiarch --disable-werror --with-arch-32=i686 --with-abi=m64 --with-multilib-list=m32,m64,mx32 --enable-multilib --with-tune=generic --enable-checking=release --build=x86_64-linux-gnu --host=x86_64-linux-gnu --target=x86_64-linux-gnu
Thread model: posix
gcc version 5.5.0 20171010 (Ubuntu 5.5.0-12ubuntu1~16.04) 
COMPILER_PATH=/usr/lib/gcc/x86_64-linux-gnu/5/:/usr/lib/gcc/x86_64-linux-gnu/5/:/usr/lib/gcc/x86_64-linux-gnu/:/usr/lib/gcc/x86_64-linux-gnu/5/:/usr/lib/gcc/x86_64-linux-gnu/
LIBRARY_PATH=/home/gzq/intel//compilers_and_libraries_2019.0.117/linux/mpi/intel64/libfabric/lib/../lib/:/usr/lib/gcc/x86_64-linux-gnu/5/:/usr/lib/gcc/x86_64-linux-gnu/5/../../../x86_64-linux-gnu/:/usr/lib/gcc/x86_64-linux-gnu/5/../../../../lib/:/lib/x86_64-linux-gnu/:/lib/../lib/:/usr/lib/x86_64-linux-gnu/:/usr/lib/../lib/:/home/gzq/intel/clck/2019.0/lib/intel64/:/home/gzq/intel/compilers_and_libraries_2019.0.117/linux/ipp/lib/intel64/:/home/gzq/intel/compilers_and_libraries_2019.0.117/linux/compiler/lib/intel64_lin/:/home/gzq/intel/compilers_and_libraries_2019.0.117/linux/mkl/lib/intel64_lin/:/home/gzq/intel/compilers_and_libraries_2019.0.117/linux/tbb/lib/intel64/gcc4.7/:/home/gzq/intel/compilers_and_libraries_2019.0.117/linux/tbb/lib/intel64/gcc4.7/:/home/gzq/intel/compilers_and_libraries_2019.0.117/linux/daal/lib/intel64_lin/:/home/gzq/intel//compilers_and_libraries_2019.0.117/linux/mpi/intel64/libfabric/lib/:/home/gzq/intel/compilers_and_libraries_2019.0.117/linux/ipp/lib/intel64/:/home/gzq/intel/compilers_and_libraries_2019.0.117/linux/compiler/lib/intel64_lin/:/home/gzq/intel/compilers_and_libraries_2019.0.117/linux/mkl/lib/intel64_lin/:/home/gzq/intel/compilers_and_libraries_2019.0.117/linux/tbb/lib/intel64/gcc4.7/:/home/gzq/intel/compilers_and_libraries_2019.0.117/linux/tbb/lib/intel64/gcc4.7/:/home/gzq/intel/compilers_and_libraries_2019.0.117/linux/daal/lib/intel64_lin/:/home/gzq/intel/compilers_and_libraries_2019.0.117/linux/daal/../tbb/lib/intel64_lin/gcc4.4/:/usr/lib/gcc/x86_64-linux-gnu/5/../../../:/lib/:/usr/lib/
Reading specs from /usr/lib/gcc/x86_64-linux-gnu/5/libgomp.spec
COLLECT_GCC_OPTIONS='-fopenmp' '-v' '-o' 'cmTC_b3f87' '-v' '-mtune=generic' '-march=x86-64' '-pthread'
 /usr/lib/gcc/x86_64-linux-gnu/5/collect2 -plugin /usr/lib/gcc/x86_64-linux-gnu/5/liblto_plugin.so -plugin-opt=/usr/lib/gcc/x86_64-linux-gnu/5/lto-wrapper -plugin-opt=-fresolution=/tmp/ccvwRQUJ.res -plugin-opt=-pass-through=-lgcc -plugin-opt=-pass-through=-lgcc_s -plugin-opt=-pass-through=-lpthread -plugin-opt=-pass-through=-lc -plugin-opt=-pass-through=-lgcc -plugin-opt=-pass-through=-lgcc_s --sysroot=/ --build-id --eh-frame-hdr -m elf_x86_64 --hash-style=gnu --as-needed -dynamic-linker /lib64/ld-linux-x86-64.so.2 -z relro -o cmTC_b3f87 /usr/lib/gcc/x86_64-linux-gnu/5/../../../x86_64-linux-gnu/crt1.o /usr/lib/gcc/x86_64-linux-gnu/5/../../../x86_64-linux-gnu/crti.o /usr/lib/gcc/x86_64-linux-gnu/5/crtbegin.o -L/home/gzq/intel//compilers_and_libraries_2019.0.117/linux/mpi/intel64/libfabric/lib/../lib -L/usr/lib/gcc/x86_64-linux-gnu/5 -L/usr/lib/gcc/x86_64-linux-gnu/5/../../../x86_64-linux-gnu -L/usr/lib/gcc/x86_64-linux-gnu/5/../../../../lib -L/lib/x86_64-linux-gnu -L/lib/../lib -L/usr/lib/x86_64-linux-gnu -L/usr/lib/../lib -L/home/gzq/intel/clck/2019.0/lib/intel64 -L/home/gzq/intel/compilers_and_libraries_2019.0.117/linux/ipp/lib/intel64 -L/home/gzq/intel/compilers_and_libraries_2019.0.117/linux/compiler/lib/intel64_lin -L/home/gzq/intel/compilers_and_libraries_2019.0.117/linux/mkl/lib/intel64_lin -L/home/gzq/intel/compilers_and_libraries_2019.0.117/linux/tbb/lib/intel64/gcc4.7 -L/home/gzq/intel/compilers_and_libraries_2019.0.117/linux/tbb/lib/intel64/gcc4.7 -L/home/gzq/intel/compilers_and_libraries_2019.0.117/linux/daal/lib/intel64_lin -L/home/gzq/intel//compilers_and_libraries_2019.0.117/linux/mpi/intel64/libfabric/lib -L/home/gzq/intel/compilers_and_libraries_2019.0.117/linux/ipp/lib/intel64 -L/home/gzq/intel/compilers_and_libraries_2019.0.117/linux/compiler/lib/intel64_lin -L/home/gzq/intel/compilers_and_libraries_2019.0.117/linux/mkl/lib/intel64_lin -L/home/gzq/intel/compilers_and_libraries_2019.0.117/linux/tbb/lib/intel64/gcc4.7 -L/home/gzq/intel/compilers_and_libraries_2019.0.117/linux/tbb/lib/intel64/gcc4.7 -L/home/gzq/intel/compilers_and_libraries_2019.0.117/linux/daal/lib/intel64_lin -L/home/gzq/intel/compilers_and_libraries_2019.0.117/linux/daal/../tbb/lib/intel64_lin/gcc4.4 -L/usr/lib/gcc/x86_64-linux-gnu/5/../../.. CMakeFiles/cmTC_b3f87.dir/OpenMPTryFlag.c.o -lgomp -lgcc --push-state --as-needed -lgcc_s --pop-state -lpthread -lc -lgcc --push-state --as-needed -lgcc_s --pop-state /usr/lib/gcc/x86_64-linux-gnu/5/crtend.o /usr/lib/gcc/x86_64-linux-gnu/5/../../../x86_64-linux-gnu/crtn.o
make[1]: Leaving directory '/home/gzq/CLionProjects/MatrixMultiplication/cmake-build-debug/CMakeFiles/CMakeTmp'


Parsed C OpenMP implicit link information from above output:
  link line regex: [^( *|.*[/\])(ld|CMAKE_LINK_STARTFILE-NOTFOUND|([^/\]+-)?ld|collect2)[^/\]*( |$)]
  ignore line: [Change Dir: /home/gzq/CLionProjects/MatrixMultiplication/cmake-build-debug/CMakeFiles/CMakeTmp]
  ignore line: []
  ignore line: [Run Build Command:"/usr/bin/make" "cmTC_b3f87/fast"]
  ignore line: [/usr/bin/make -f CMakeFiles/cmTC_b3f87.dir/build.make CMakeFiles/cmTC_b3f87.dir/build]
  ignore line: [make[1]: Entering directory '/home/gzq/CLionProjects/MatrixMultiplication/cmake-build-debug/CMakeFiles/CMakeTmp']
  ignore line: [Building C object CMakeFiles/cmTC_b3f87.dir/OpenMPTryFlag.c.o]
  ignore line: [/usr/bin/cc   -fopenmp -v   -std=gnu11 -o CMakeFiles/cmTC_b3f87.dir/OpenMPTryFlag.c.o   -c /home/gzq/CLionProjects/MatrixMultiplication/cmake-build-debug/CMakeFiles/FindOpenMP/OpenMPTryFlag.c]
  ignore line: [Using built-in specs.]
  ignore line: [COLLECT_GCC=/usr/bin/cc]
  ignore line: [Target: x86_64-linux-gnu]
  ignore line: [Configured with: ../src/configure -v --with-pkgversion='Ubuntu 5.5.0-12ubuntu1~16.04' --with-bugurl=file:///usr/share/doc/gcc-5/README.Bugs --enable-languages=c,ada,c++,java,go,d,fortran,objc,obj-c++ --prefix=/usr --program-suffix=-5 --enable-shared --enable-linker-build-id --libexecdir=/usr/lib --without-included-gettext --enable-threads=posix --libdir=/usr/lib --enable-nls --with-sysroot=/ --enable-clocale=gnu --enable-libstdcxx-debug --enable-libstdcxx-time=yes --with-default-libstdcxx-abi=new --enable-gnu-unique-object --disable-vtable-verify --enable-libmpx --enable-plugin --with-system-zlib --disable-browser-plugin --enable-java-awt=gtk --enable-gtk-cairo --with-java-home=/usr/lib/jvm/java-1.5.0-gcj-5-amd64/jre --enable-java-home --with-jvm-root-dir=/usr/lib/jvm/java-1.5.0-gcj-5-amd64 --with-jvm-jar-dir=/usr/lib/jvm-exports/java-1.5.0-gcj-5-amd64 --with-arch-directory=amd64 --with-ecj-jar=/usr/share/java/eclipse-ecj.jar --enable-objc-gc --enable-multiarch --disable-werror --with-arch-32=i686 --with-abi=m64 --with-multilib-list=m32,m64,mx32 --enable-multilib --with-tune=generic --enable-checking=release --build=x86_64-linux-gnu --host=x86_64-linux-gnu --target=x86_64-linux-gnu]
  ignore line: [Thread model: posix]
  ignore line: [gcc version 5.5.0 20171010 (Ubuntu 5.5.0-12ubuntu1~16.04) ]
  ignore line: [COLLECT_GCC_OPTIONS='-fopenmp' '-v' '-std=gnu11' '-o' 'CMakeFiles/cmTC_b3f87.dir/OpenMPTryFlag.c.o' '-c' '-mtune=generic' '-march=x86-64' '-pthread']
  ignore line: [ /usr/lib/gcc/x86_64-linux-gnu/5/cc1 -quiet -v -imultiarch x86_64-linux-gnu -D_REENTRANT /home/gzq/CLionProjects/MatrixMultiplication/cmake-build-debug/CMakeFiles/FindOpenMP/OpenMPTryFlag.c -quiet -dumpbase OpenMPTryFlag.c -mtune=generic -march=x86-64 -auxbase-strip CMakeFiles/cmTC_b3f87.dir/OpenMPTryFlag.c.o -std=gnu11 -version -fopenmp -fstack-protector-strong -Wformat -Wformat-security -o /tmp/ccDpWkFI.s]
  ignore line: [GNU C11 (Ubuntu 5.5.0-12ubuntu1~16.04) version 5.5.0 20171010 (x86_64-linux-gnu)]
  ignore line: [	compiled by GNU C version 5.5.0 20171010, GMP version 6.1.0, MPFR version 3.1.4, MPC version 1.0.3]
  ignore line: [GGC heuristics: --param ggc-min-expand=100 --param ggc-min-heapsize=131072]
  ignore line: [ignoring duplicate directory "/opt/OpenBLAS/include"]
  ignore line: [ignoring nonexistent directory "/usr/local/include/x86_64-linux-gnu"]
  ignore line: [ignoring nonexistent directory "/usr/lib/gcc/x86_64-linux-gnu/5/../../../../x86_64-linux-gnu/include"]
  ignore line: [ignoring duplicate directory "/home/gzq/intel/compilers_and_libraries_2019.0.117/linux/tbb/include"]
  ignore line: [ignoring duplicate directory "/home/gzq/intel/compilers_and_libraries_2019.0.117/linux/ipp/include"]
  ignore line: [ignoring duplicate directory "/home/gzq/intel/compilers_and_libraries_2019.0.117/linux/mkl/include"]
  ignore line: [ignoring duplicate directory "/home/gzq/intel/compilers_and_libraries_2019.0.117/linux/pstl/include"]
  ignore line: [ignoring duplicate directory "/home/gzq/intel/compilers_and_libraries_2019.0.117/linux/tbb/include"]
  ignore line: [ignoring duplicate directory "/home/gzq/intel/compilers_and_libraries_2019.0.117/linux/tbb/include"]
  ignore line: [ignoring duplicate directory "/home/gzq/intel/compilers_and_libraries_2019.0.117/linux/daal/include"]
  ignore line: [#include "..." search starts here:]
  ignore line: [#include <...> search starts here:]
  ignore line: [ /home/gzq/intel/compilers_and_libraries_2019.0.117/linux/ipp/include]
  ignore line: [ /home/gzq/intel/compilers_and_libraries_2019.0.117/linux/mkl/include]
  ignore line: [ /home/gzq/intel/compilers_and_libraries_2019.0.117/linux/pstl/include]
  ignore line: [ /home/gzq/intel/compilers_and_libraries_2019.0.117/linux/tbb/include]
  ignore line: [ /home/gzq/intel/compilers_and_libraries_2019.0.117/linux/daal/include]
  ignore line: [ /opt/OpenBLAS/include]
  ignore line: [ .]
  ignore line: [ /usr/lib/gcc/x86_64-linux-gnu/5/include]
  ignore line: [ /usr/local/include]
  ignore line: [ /usr/lib/gcc/x86_64-linux-gnu/5/include-fixed]
  ignore line: [ /usr/include/x86_64-linux-gnu]
  ignore line: [ /usr/include]
  ignore line: [End of search list.]
  ignore line: [GNU C11 (Ubuntu 5.5.0-12ubuntu1~16.04) version 5.5.0 20171010 (x86_64-linux-gnu)]
  ignore line: [	compiled by GNU C version 5.5.0 20171010, GMP version 6.1.0, MPFR version 3.1.4, MPC version 1.0.3]
  ignore line: [GGC heuristics: --param ggc-min-expand=100 --param ggc-min-heapsize=131072]
  ignore line: [Compiler executable checksum: a17d0cd9aea7093f02a2e3f3b1a39337]
  ignore line: [COLLECT_GCC_OPTIONS='-fopenmp' '-v' '-std=gnu11' '-o' 'CMakeFiles/cmTC_b3f87.dir/OpenMPTryFlag.c.o' '-c' '-mtune=generic' '-march=x86-64' '-pthread']
  ignore line: [ as -v --64 -o CMakeFiles/cmTC_b3f87.dir/OpenMPTryFlag.c.o /tmp/ccDpWkFI.s]
  ignore line: [GNU assembler version 2.26.1 (x86_64-linux-gnu) using BFD version (GNU Binutils for Ubuntu) 2.26.1]
  ignore line: [COMPILER_PATH=/usr/lib/gcc/x86_64-linux-gnu/5/:/usr/lib/gcc/x86_64-linux-gnu/5/:/usr/lib/gcc/x86_64-linux-gnu/:/usr/lib/gcc/x86_64-linux-gnu/5/:/usr/lib/gcc/x86_64-linux-gnu/]
  ignore line: [LIBRARY_PATH=/home/gzq/intel//compilers_and_libraries_2019.0.117/linux/mpi/intel64/libfabric/lib/../lib/:/usr/lib/gcc/x86_64-linux-gnu/5/:/usr/lib/gcc/x86_64-linux-gnu/5/../../../x86_64-linux-gnu/:/usr/lib/gcc/x86_64-linux-gnu/5/../../../../lib/:/lib/x86_64-linux-gnu/:/lib/../lib/:/usr/lib/x86_64-linux-gnu/:/usr/lib/../lib/:/home/gzq/intel/clck/2019.0/lib/intel64/:/home/gzq/intel/compilers_and_libraries_2019.0.117/linux/ipp/lib/intel64/:/home/gzq/intel/compilers_and_libraries_2019.0.117/linux/compiler/lib/intel64_lin/:/home/gzq/intel/compilers_and_libraries_2019.0.117/linux/mkl/lib/intel64_lin/:/home/gzq/intel/compilers_and_libraries_2019.0.117/linux/tbb/lib/intel64/gcc4.7/:/home/gzq/intel/compilers_and_libraries_2019.0.117/linux/tbb/lib/intel64/gcc4.7/:/home/gzq/intel/compilers_and_libraries_2019.0.117/linux/daal/lib/intel64_lin/:/home/gzq/intel//compilers_and_libraries_2019.0.117/linux/mpi/intel64/libfabric/lib/:/home/gzq/intel/compilers_and_libraries_2019.0.117/linux/ipp/lib/intel64/:/home/gzq/intel/compilers_and_libraries_2019.0.117/linux/compiler/lib/intel64_lin/:/home/gzq/intel/compilers_and_libraries_2019.0.117/linux/mkl/lib/intel64_lin/:/home/gzq/intel/compilers_and_libraries_2019.0.117/linux/tbb/lib/intel64/gcc4.7/:/home/gzq/intel/compilers_and_libraries_2019.0.117/linux/tbb/lib/intel64/gcc4.7/:/home/gzq/intel/compilers_and_libraries_2019.0.117/linux/daal/lib/intel64_lin/:/home/gzq/intel/compilers_and_libraries_2019.0.117/linux/daal/../tbb/lib/intel64_lin/gcc4.4/:/usr/lib/gcc/x86_64-linux-gnu/5/../../../:/lib/:/usr/lib/]
  ignore line: [COLLECT_GCC_OPTIONS='-fopenmp' '-v' '-std=gnu11' '-o' 'CMakeFiles/cmTC_b3f87.dir/OpenMPTryFlag.c.o' '-c' '-mtune=generic' '-march=x86-64' '-pthread']
  ignore line: [Linking C executable cmTC_b3f87]
  ignore line: [/usr/local/bin/cmake -E cmake_link_script CMakeFiles/cmTC_b3f87.dir/link.txt --verbose=1]
  ignore line: [/usr/bin/cc  -fopenmp -v    CMakeFiles/cmTC_b3f87.dir/OpenMPTryFlag.c.o  -o cmTC_b3f87 -v ]
  ignore line: [Using built-in specs.]
  ignore line: [COLLECT_GCC=/usr/bin/cc]
  ignore line: [COLLECT_LTO_WRAPPER=/usr/lib/gcc/x86_64-linux-gnu/5/lto-wrapper]
  ignore line: [Target: x86_64-linux-gnu]
  ignore line: [Configured with: ../src/configure -v --with-pkgversion='Ubuntu 5.5.0-12ubuntu1~16.04' --with-bugurl=file:///usr/share/doc/gcc-5/README.Bugs --enable-languages=c,ada,c++,java,go,d,fortran,objc,obj-c++ --prefix=/usr --program-suffix=-5 --enable-shared --enable-linker-build-id --libexecdir=/usr/lib --without-included-gettext --enable-threads=posix --libdir=/usr/lib --enable-nls --with-sysroot=/ --enable-clocale=gnu --enable-libstdcxx-debug --enable-libstdcxx-time=yes --with-default-libstdcxx-abi=new --enable-gnu-unique-object --disable-vtable-verify --enable-libmpx --enable-plugin --with-system-zlib --disable-browser-plugin --enable-java-awt=gtk --enable-gtk-cairo --with-java-home=/usr/lib/jvm/java-1.5.0-gcj-5-amd64/jre --enable-java-home --with-jvm-root-dir=/usr/lib/jvm/java-1.5.0-gcj-5-amd64 --with-jvm-jar-dir=/usr/lib/jvm-exports/java-1.5.0-gcj-5-amd64 --with-arch-directory=amd64 --with-ecj-jar=/usr/share/java/eclipse-ecj.jar --enable-objc-gc --enable-multiarch --disable-werror --with-arch-32=i686 --with-abi=m64 --with-multilib-list=m32,m64,mx32 --enable-multilib --with-tune=generic --enable-checking=release --build=x86_64-linux-gnu --host=x86_64-linux-gnu --target=x86_64-linux-gnu]
  ignore line: [Thread model: posix]
  ignore line: [gcc version 5.5.0 20171010 (Ubuntu 5.5.0-12ubuntu1~16.04) ]
  ignore line: [COMPILER_PATH=/usr/lib/gcc/x86_64-linux-gnu/5/:/usr/lib/gcc/x86_64-linux-gnu/5/:/usr/lib/gcc/x86_64-linux-gnu/:/usr/lib/gcc/x86_64-linux-gnu/5/:/usr/lib/gcc/x86_64-linux-gnu/]
  ignore line: [LIBRARY_PATH=/home/gzq/intel//compilers_and_libraries_2019.0.117/linux/mpi/intel64/libfabric/lib/../lib/:/usr/lib/gcc/x86_64-linux-gnu/5/:/usr/lib/gcc/x86_64-linux-gnu/5/../../../x86_64-linux-gnu/:/usr/lib/gcc/x86_64-linux-gnu/5/../../../../lib/:/lib/x86_64-linux-gnu/:/lib/../lib/:/usr/lib/x86_64-linux-gnu/:/usr/lib/../lib/:/home/gzq/intel/clck/2019.0/lib/intel64/:/home/gzq/intel/compilers_and_libraries_2019.0.117/linux/ipp/lib/intel64/:/home/gzq/intel/compilers_and_libraries_2019.0.117/linux/compiler/lib/intel64_lin/:/home/gzq/intel/compilers_and_libraries_2019.0.117/linux/mkl/lib/intel64_lin/:/home/gzq/intel/compilers_and_libraries_2019.0.117/linux/tbb/lib/intel64/gcc4.7/:/home/gzq/intel/compilers_and_libraries_2019.0.117/linux/tbb/lib/intel64/gcc4.7/:/home/gzq/intel/compilers_and_libraries_2019.0.117/linux/daal/lib/intel64_lin/:/home/gzq/intel//compilers_and_libraries_2019.0.117/linux/mpi/intel64/libfabric/lib/:/home/gzq/intel/compilers_and_libraries_2019.0.117/linux/ipp/lib/intel64/:/home/gzq/intel/compilers_and_libraries_2019.0.117/linux/compiler/lib/intel64_lin/:/home/gzq/intel/compilers_and_libraries_2019.0.117/linux/mkl/lib/intel64_lin/:/home/gzq/intel/compilers_and_libraries_2019.0.117/linux/tbb/lib/intel64/gcc4.7/:/home/gzq/intel/compilers_and_libraries_2019.0.117/linux/tbb/lib/intel64/gcc4.7/:/home/gzq/intel/compilers_and_libraries_2019.0.117/linux/daal/lib/intel64_lin/:/home/gzq/intel/compilers_and_libraries_2019.0.117/linux/daal/../tbb/lib/intel64_lin/gcc4.4/:/usr/lib/gcc/x86_64-linux-gnu/5/../../../:/lib/:/usr/lib/]
  ignore line: [Reading specs from /usr/lib/gcc/x86_64-linux-gnu/5/libgomp.spec]
  ignore line: [COLLECT_GCC_OPTIONS='-fopenmp' '-v' '-o' 'cmTC_b3f87' '-v' '-mtune=generic' '-march=x86-64' '-pthread']
  link line: [ /usr/lib/gcc/x86_64-linux-gnu/5/collect2 -plugin /usr/lib/gcc/x86_64-linux-gnu/5/liblto_plugin.so -plugin-opt=/usr/lib/gcc/x86_64-linux-gnu/5/lto-wrapper -plugin-opt=-fresolution=/tmp/ccvwRQUJ.res -plugin-opt=-pass-through=-lgcc -plugin-opt=-pass-through=-lgcc_s -plugin-opt=-pass-through=-lpthread -plugin-opt=-pass-through=-lc -plugin-opt=-pass-through=-lgcc -plugin-opt=-pass-through=-lgcc_s --sysroot=/ --build-id --eh-frame-hdr -m elf_x86_64 --hash-style=gnu --as-needed -dynamic-linker /lib64/ld-linux-x86-64.so.2 -z relro -o cmTC_b3f87 /usr/lib/gcc/x86_64-linux-gnu/5/../../../x86_64-linux-gnu/crt1.o /usr/lib/gcc/x86_64-linux-gnu/5/../../../x86_64-linux-gnu/crti.o /usr/lib/gcc/x86_64-linux-gnu/5/crtbegin.o -L/home/gzq/intel//compilers_and_libraries_2019.0.117/linux/mpi/intel64/libfabric/lib/../lib -L/usr/lib/gcc/x86_64-linux-gnu/5 -L/usr/lib/gcc/x86_64-linux-gnu/5/../../../x86_64-linux-gnu -L/usr/lib/gcc/x86_64-linux-gnu/5/../../../../lib -L/lib/x86_64-linux-gnu -L/lib/../lib -L/usr/lib/x86_64-linux-gnu -L/usr/lib/../lib -L/home/gzq/intel/clck/2019.0/lib/intel64 -L/home/gzq/intel/compilers_and_libraries_2019.0.117/linux/ipp/lib/intel64 -L/home/gzq/intel/compilers_and_libraries_2019.0.117/linux/compiler/lib/intel64_lin -L/home/gzq/intel/compilers_and_libraries_2019.0.117/linux/mkl/lib/intel64_lin -L/home/gzq/intel/compilers_and_libraries_2019.0.117/linux/tbb/lib/intel64/gcc4.7 -L/home/gzq/intel/compilers_and_libraries_2019.0.117/linux/tbb/lib/intel64/gcc4.7 -L/home/gzq/intel/compilers_and_libraries_2019.0.117/linux/daal/lib/intel64_lin -L/home/gzq/intel//compilers_and_libraries_2019.0.117/linux/mpi/intel64/libfabric/lib -L/home/gzq/intel/compilers_and_libraries_2019.0.117/linux/ipp/lib/intel64 -L/home/gzq/intel/compilers_and_libraries_2019.0.117/linux/compiler/lib/intel64_lin -L/home/gzq/intel/compilers_and_libraries_2019.0.117/linux/mkl/lib/intel64_lin -L/home/gzq/intel/compilers_and_libraries_2019.0.117/linux/tbb/lib/intel64/gcc4.7 -L/home/gzq/intel/compilers_and_libraries_2019.0.117/linux/tbb/lib/intel64/gcc4.7 -L/home/gzq/intel/compilers_and_libraries_2019.0.117/linux/daal/lib/intel64_lin -L/home/gzq/intel/compilers_and_libraries_2019.0.117/linux/daal/../tbb/lib/intel64_lin/gcc4.4 -L/usr/lib/gcc/x86_64-linux-gnu/5/../../.. CMakeFiles/cmTC_b3f87.dir/OpenMPTryFlag.c.o -lgomp -lgcc --push-state --as-needed -lgcc_s --pop-state -lpthread -lc -lgcc --push-state --as-needed -lgcc_s --pop-state /usr/lib/gcc/x86_64-linux-gnu/5/crtend.o /usr/lib/gcc/x86_64-linux-gnu/5/../../../x86_64-linux-gnu/crtn.o]
    arg [/usr/lib/gcc/x86_64-linux-gnu/5/collect2] ==> ignore
    arg [-plugin] ==> ignore
    arg [/usr/lib/gcc/x86_64-linux-gnu/5/liblto_plugin.so] ==> ignore
    arg [-plugin-opt=/usr/lib/gcc/x86_64-linux-gnu/5/lto-wrapper] ==> ignore
    arg [-plugin-opt=-fresolution=/tmp/ccvwRQUJ.res] ==> ignore
    arg [-plugin-opt=-pass-through=-lgcc] ==> ignore
    arg [-plugin-opt=-pass-through=-lgcc_s] ==> ignore
    arg [-plugin-opt=-pass-through=-lpthread] ==> ignore
    arg [-plugin-opt=-pass-through=-lc] ==> ignore
    arg [-plugin-opt=-pass-through=-lgcc] ==> ignore
    arg [-plugin-opt=-pass-through=-lgcc_s] ==> ignore
    arg [--sysroot=/] ==> ignore
    arg [--build-id] ==> ignore
    arg [--eh-frame-hdr] ==> ignore
    arg [-m] ==> ignore
    arg [elf_x86_64] ==> ignore
    arg [--hash-style=gnu] ==> ignore
    arg [--as-needed] ==> ignore
    arg [-dynamic-linker] ==> ignore
    arg [/lib64/ld-linux-x86-64.so.2] ==> ignore
    arg [-zrelro] ==> ignore
    arg [-o] ==> ignore
    arg [cmTC_b3f87] ==> ignore
    arg [/usr/lib/gcc/x86_64-linux-gnu/5/../../../x86_64-linux-gnu/crt1.o] ==> ignore
    arg [/usr/lib/gcc/x86_64-linux-gnu/5/../../../x86_64-linux-gnu/crti.o] ==> ignore
    arg [/usr/lib/gcc/x86_64-linux-gnu/5/crtbegin.o] ==> ignore
    arg [-L/home/gzq/intel//compilers_and_libraries_2019.0.117/linux/mpi/intel64/libfabric/lib/../lib] ==> dir [/home/gzq/intel//compilers_and_libraries_2019.0.117/linux/mpi/intel64/libfabric/lib/../lib]
    arg [-L/usr/lib/gcc/x86_64-linux-gnu/5] ==> dir [/usr/lib/gcc/x86_64-linux-gnu/5]
    arg [-L/usr/lib/gcc/x86_64-linux-gnu/5/../../../x86_64-linux-gnu] ==> dir [/usr/lib/gcc/x86_64-linux-gnu/5/../../../x86_64-linux-gnu]
    arg [-L/usr/lib/gcc/x86_64-linux-gnu/5/../../../../lib] ==> dir [/usr/lib/gcc/x86_64-linux-gnu/5/../../../../lib]
    arg [-L/lib/x86_64-linux-gnu] ==> dir [/lib/x86_64-linux-gnu]
    arg [-L/lib/../lib] ==> dir [/lib/../lib]
    arg [-L/usr/lib/x86_64-linux-gnu] ==> dir [/usr/lib/x86_64-linux-gnu]
    arg [-L/usr/lib/../lib] ==> dir [/usr/lib/../lib]
    arg [-L/home/gzq/intel/clck/2019.0/lib/intel64] ==> dir [/home/gzq/intel/clck/2019.0/lib/intel64]
    arg [-L/home/gzq/intel/compilers_and_libraries_2019.0.117/linux/ipp/lib/intel64] ==> dir [/home/gzq/intel/compilers_and_libraries_2019.0.117/linux/ipp/lib/intel64]
    arg [-L/home/gzq/intel/compilers_and_libraries_2019.0.117/linux/compiler/lib/intel64_lin] ==> dir [/home/gzq/intel/compilers_and_libraries_2019.0.117/linux/compiler/lib/intel64_lin]
    arg [-L/home/gzq/intel/compilers_and_libraries_2019.0.117/linux/mkl/lib/intel64_lin] ==> dir [/home/gzq/intel/compilers_and_libraries_2019.0.117/linux/mkl/lib/intel64_lin]
    arg [-L/home/gzq/intel/compilers_and_libraries_2019.0.117/linux/tbb/lib/intel64/gcc4.7] ==> dir [/home/gzq/intel/compilers_and_libraries_2019.0.117/linux/tbb/lib/intel64/gcc4.7]
    arg [-L/home/gzq/intel/compilers_and_libraries_2019.0.117/linux/tbb/lib/intel64/gcc4.7] ==> dir [/home/gzq/intel/compilers_and_libraries_2019.0.117/linux/tbb/lib/intel64/gcc4.7]
    arg [-L/home/gzq/intel/compilers_and_libraries_2019.0.117/linux/daal/lib/intel64_lin] ==> dir [/home/gzq/intel/compilers_and_libraries_2019.0.117/linux/daal/lib/intel64_lin]
    arg [-L/home/gzq/intel//compilers_and_libraries_2019.0.117/linux/mpi/intel64/libfabric/lib] ==> dir [/home/gzq/intel//compilers_and_libraries_2019.0.117/linux/mpi/intel64/libfabric/lib]
    arg [-L/home/gzq/intel/compilers_and_libraries_2019.0.117/linux/ipp/lib/intel64] ==> dir [/home/gzq/intel/compilers_and_libraries_2019.0.117/linux/ipp/lib/intel64]
    arg [-L/home/gzq/intel/compilers_and_libraries_2019.0.117/linux/compiler/lib/intel64_lin] ==> dir [/home/gzq/intel/compilers_and_libraries_2019.0.117/linux/compiler/lib/intel64_lin]
    arg [-L/home/gzq/intel/compilers_and_libraries_2019.0.117/linux/mkl/lib/intel64_lin] ==> dir [/home/gzq/intel/compilers_and_libraries_2019.0.117/linux/mkl/lib/intel64_lin]
    arg [-L/home/gzq/intel/compilers_and_libraries_2019.0.117/linux/tbb/lib/intel64/gcc4.7] ==> dir [/home/gzq/intel/compilers_and_libraries_2019.0.117/linux/tbb/lib/intel64/gcc4.7]
    arg [-L/home/gzq/intel/compilers_and_libraries_2019.0.117/linux/tbb/lib/intel64/gcc4.7] ==> dir [/home/gzq/intel/compilers_and_libraries_2019.0.117/linux/tbb/lib/intel64/gcc4.7]
    arg [-L/home/gzq/intel/compilers_and_libraries_2019.0.117/linux/daal/lib/intel64_lin] ==> dir [/home/gzq/intel/compilers_and_libraries_2019.0.117/linux/daal/lib/intel64_lin]
    arg [-L/home/gzq/intel/compilers_and_libraries_2019.0.117/linux/daal/../tbb/lib/intel64_lin/gcc4.4] ==> dir [/home/gzq/intel/compilers_and_libraries_2019.0.117/linux/daal/../tbb/lib/intel64_lin/gcc4.4]
    arg [-L/usr/lib/gcc/x86_64-linux-gnu/5/../../..] ==> dir [/usr/lib/gcc/x86_64-linux-gnu/5/../../..]
    arg [CMakeFiles/cmTC_b3f87.dir/OpenMPTryFlag.c.o] ==> ignore
    arg [-lgomp] ==> lib [gomp]
    arg [-lgcc] ==> lib [gcc]
    arg [--push-state] ==> ignore
    arg [--as-needed] ==> ignore
    arg [-lgcc_s] ==> lib [gcc_s]
    arg [--pop-state] ==> ignore
    arg [-lpthread] ==> lib [pthread]
    arg [-lc] ==> lib [c]
    arg [-lgcc] ==> lib [gcc]
    arg [--push-state] ==> ignore
    arg [--as-needed] ==> ignore
    arg [-lgcc_s] ==> lib [gcc_s]
    arg [--pop-state] ==> ignore
    arg [/usr/lib/gcc/x86_64-linux-gnu/5/crtend.o] ==> ignore
    arg [/usr/lib/gcc/x86_64-linux-gnu/5/../../../x86_64-linux-gnu/crtn.o] ==> ignore
  collapse library dir [/home/gzq/intel//compilers_and_libraries_2019.0.117/linux/mpi/intel64/libfabric/lib/../lib] ==> [/home/gzq/intel/compilers_and_libraries_2019.0.117/linux/mpi/intel64/libfabric/lib]
  collapse library dir [/usr/lib/gcc/x86_64-linux-gnu/5] ==> [/usr/lib/gcc/x86_64-linux-gnu/5]
  collapse library dir [/usr/lib/gcc/x86_64-linux-gnu/5/../../../x86_64-linux-gnu] ==> [/usr/lib/x86_64-linux-gnu]
  collapse library dir [/usr/lib/gcc/x86_64-linux-gnu/5/../../../../lib] ==> [/usr/lib]
  collapse library dir [/lib/x86_64-linux-gnu] ==> [/lib/x86_64-linux-gnu]
  collapse library dir [/lib/../lib] ==> [/lib]
  collapse library dir [/usr/lib/x86_64-linux-gnu] ==> [/usr/lib/x86_64-linux-gnu]
  collapse library dir [/usr/lib/../lib] ==> [/usr/lib]
  collapse library dir [/home/gzq/intel/clck/2019.0/lib/intel64] ==> [/home/gzq/intel/clck/2019.0/lib/intel64]
  collapse library dir [/home/gzq/intel/compilers_and_libraries_2019.0.117/linux/ipp/lib/intel64] ==> [/home/gzq/intel/compilers_and_libraries_2019.0.117/linux/ipp/lib/intel64]
  collapse library dir [/home/gzq/intel/compilers_and_libraries_2019.0.117/linux/compiler/lib/intel64_lin] ==> [/home/gzq/intel/compilers_and_libraries_2019.0.117/linux/compiler/lib/intel64_lin]
  collapse library dir [/home/gzq/intel/compilers_and_libraries_2019.0.117/linux/mkl/lib/intel64_lin] ==> [/home/gzq/intel/compilers_and_libraries_2019.0.117/linux/mkl/lib/intel64_lin]
  collapse library dir [/home/gzq/intel/compilers_and_libraries_2019.0.117/linux/tbb/lib/intel64/gcc4.7] ==> [/home/gzq/intel/compilers_and_libraries_2019.0.117/linux/tbb/lib/intel64/gcc4.7]
  collapse library dir [/home/gzq/intel/compilers_and_libraries_2019.0.117/linux/tbb/lib/intel64/gcc4.7] ==> [/home/gzq/intel/compilers_and_libraries_2019.0.117/linux/tbb/lib/intel64/gcc4.7]
  collapse library dir [/home/gzq/intel/compilers_and_libraries_2019.0.117/linux/daal/lib/intel64_lin] ==> [/home/gzq/intel/compilers_and_libraries_2019.0.117/linux/daal/lib/intel64_lin]
  collapse library dir [/home/gzq/intel//compilers_and_libraries_2019.0.117/linux/mpi/intel64/libfabric/lib] ==> [/home/gzq/intel/compilers_and_libraries_2019.0.117/linux/mpi/intel64/libfabric/lib]
  collapse library dir [/home/gzq/intel/compilers_and_libraries_2019.0.117/linux/ipp/lib/intel64] ==> [/home/gzq/intel/compilers_and_libraries_2019.0.117/linux/ipp/lib/intel64]
  collapse library dir [/home/gzq/intel/compilers_and_libraries_2019.0.117/linux/compiler/lib/intel64_lin] ==> [/home/gzq/intel/compilers_and_libraries_2019.0.117/linux/compiler/lib/intel64_lin]
  collapse library dir [/home/gzq/intel/compilers_and_libraries_2019.0.117/linux/mkl/lib/intel64_lin] ==> [/home/gzq/intel/compilers_and_libraries_2019.0.117/linux/mkl/lib/intel64_lin]
  collapse library dir [/home/gzq/intel/compilers_and_libraries_2019.0.117/linux/tbb/lib/intel64/gcc4.7] ==> [/home/gzq/intel/compilers_and_libraries_2019.0.117/linux/tbb/lib/intel64/gcc4.7]
  collapse library dir [/home/gzq/intel/compilers_and_libraries_2019.0.117/linux/tbb/lib/intel64/gcc4.7] ==> [/home/gzq/intel/compilers_and_libraries_2019.0.117/linux/tbb/lib/intel64/gcc4.7]
  collapse library dir [/home/gzq/intel/compilers_and_libraries_2019.0.117/linux/daal/lib/intel64_lin] ==> [/home/gzq/intel/compilers_and_libraries_2019.0.117/linux/daal/lib/intel64_lin]
  collapse library dir [/home/gzq/intel/compilers_and_libraries_2019.0.117/linux/daal/../tbb/lib/intel64_lin/gcc4.4] ==> [/home/gzq/intel/compilers_and_libraries_2019.0.117/linux/tbb/lib/intel64_lin/gcc4.4]
  collapse library dir [/usr/lib/gcc/x86_64-linux-gnu/5/../../..] ==> [/usr/lib]
  implicit libs: [gomp;gcc;gcc_s;pthread;c;gcc;gcc_s]
  implicit dirs: [/home/gzq/intel/compilers_and_libraries_2019.0.117/linux/mpi/intel64/libfabric/lib;/usr/lib/gcc/x86_64-linux-gnu/5;/usr/lib/x86_64-linux-gnu;/usr/lib;/lib/x86_64-linux-gnu;/lib;/home/gzq/intel/clck/2019.0/lib/intel64;/home/gzq/intel/compilers_and_libraries_2019.0.117/linux/ipp/lib/intel64;/home/gzq/intel/compilers_and_libraries_2019.0.117/linux/compiler/lib/intel64_lin;/home/gzq/intel/compilers_and_libraries_2019.0.117/linux/mkl/lib/intel64_lin;/home/gzq/intel/compilers_and_libraries_2019.0.117/linux/tbb/lib/intel64/gcc4.7;/home/gzq/intel/compilers_and_libraries_2019.0.117/linux/daal/lib/intel64_lin;/home/gzq/intel/compilers_and_libraries_2019.0.117/linux/tbb/lib/intel64_lin/gcc4.4]
  implicit fwks: []


