Determining if the pthread_create exist failed with the following output:
Change Dir: /home/gzq/CLionProjects/MatrixMultiplication/cmake-build-debug/CMakeFiles/CMakeTmp

Run Build Command:"/usr/bin/make" "cmTC_ed188/fast"
/usr/bin/make -f CMakeFiles/cmTC_ed188.dir/build.make CMakeFiles/cmTC_ed188.dir/build
make[1]: Entering directory '/home/gzq/CLionProjects/MatrixMultiplication/cmake-build-debug/CMakeFiles/CMakeTmp'
Building C object CMakeFiles/cmTC_ed188.dir/CheckSymbolExists.c.o
/usr/bin/cc   -std=gnu11 -o CMakeFiles/cmTC_ed188.dir/CheckSymbolExists.c.o   -c /home/gzq/CLionProjects/MatrixMultiplication/cmake-build-debug/CMakeFiles/CMakeTmp/CheckSymbolExists.c
Linking C executable cmTC_ed188
/usr/local/bin/cmake -E cmake_link_script CMakeFiles/cmTC_ed188.dir/link.txt --verbose=1
/usr/bin/cc      CMakeFiles/cmTC_ed188.dir/CheckSymbolExists.c.o  -o cmTC_ed188 
CMakeFiles/cmTC_ed188.dir/CheckSymbolExists.c.o: In function `main':
CheckSymbolExists.c:(.text+0x16): undefined reference to `pthread_create'
collect2: error: ld returned 1 exit status
CMakeFiles/cmTC_ed188.dir/build.make:86: recipe for target 'cmTC_ed188' failed
make[1]: *** [cmTC_ed188] Error 1
make[1]: Leaving directory '/home/gzq/CLionProjects/MatrixMultiplication/cmake-build-debug/CMakeFiles/CMakeTmp'
Makefile:121: recipe for target 'cmTC_ed188/fast' failed
make: *** [cmTC_ed188/fast] Error 2

File /home/gzq/CLionProjects/MatrixMultiplication/cmake-build-debug/CMakeFiles/CMakeTmp/CheckSymbolExists.c:
/* */
#include <pthread.h>

int main(int argc, char** argv)
{
  (void)argv;
#ifndef pthread_create
  return ((int*)(&pthread_create))[argc];
#else
  (void)argc;
  return 0;
#endif
}

Determining if the function pthread_create exists in the pthreads failed with the following output:
Change Dir: /home/gzq/CLionProjects/MatrixMultiplication/cmake-build-debug/CMakeFiles/CMakeTmp

Run Build Command:"/usr/bin/make" "cmTC_120a3/fast"
/usr/bin/make -f CMakeFiles/cmTC_120a3.dir/build.make CMakeFiles/cmTC_120a3.dir/build
make[1]: Entering directory '/home/gzq/CLionProjects/MatrixMultiplication/cmake-build-debug/CMakeFiles/CMakeTmp'
Building C object CMakeFiles/cmTC_120a3.dir/CheckFunctionExists.c.o
/usr/bin/cc   -DCHECK_FUNCTION_EXISTS=pthread_create   -std=gnu11 -o CMakeFiles/cmTC_120a3.dir/CheckFunctionExists.c.o   -c /usr/local/share/cmake-3.12/Modules/CheckFunctionExists.c
Linking C executable cmTC_120a3
/usr/local/bin/cmake -E cmake_link_script CMakeFiles/cmTC_120a3.dir/link.txt --verbose=1
/usr/bin/cc  -DCHECK_FUNCTION_EXISTS=pthread_create    CMakeFiles/cmTC_120a3.dir/CheckFunctionExists.c.o  -o cmTC_120a3 -lpthreads 
/usr/bin/ld: cannot find -lpthreads
collect2: error: ld returned 1 exit status
CMakeFiles/cmTC_120a3.dir/build.make:86: recipe for target 'cmTC_120a3' failed
make[1]: *** [cmTC_120a3] Error 1
make[1]: Leaving directory '/home/gzq/CLionProjects/MatrixMultiplication/cmake-build-debug/CMakeFiles/CMakeTmp'
Makefile:121: recipe for target 'cmTC_120a3/fast' failed
make: *** [cmTC_120a3/fast] Error 2


